# JRE version: OpenJDK Runtime Environment Temurin-21.0.12.1+1 (21.0.12.1+1) (build 21.0.12.1+1-LTS)
# Java VM: OpenJDK 64-Bit Server VM Temurin-21.0.12.1+1 (21.0.12.1+1-LTS, mixed mode, sharing, tiered, compressed class ptrs, parallel gc, windows-amd64)
GC Precious Log:
 CardTable entry size: 512
 CPUs: 4 total, 4 available
 Memory: 14215M
 Large Page Support: Disabled
 NUMA Support: Disabled
 Compressed Oops: Disabled
 Alignments: Space 512K, Generation 512K, Heap 2M
 Heap Min Capacity: 100M
 Heap Initial Capacity: 100M
 Heap Max Capacity: 64G
 Pre-touch: Disabled
 Parallel Workers: 4
Heap:
 PSYoungGen      total 27648K, used 0K [0x00000254e7f00000, 0x00000254e9c80000, 0x0000025a3d400000)
  eden space 27136K, 0% used [0x00000254e7f00000,0x00000254e7f00000,0x00000254e9980000)
  from space 512K, 0% used [0x00000254e9a00000,0x00000254e9a00000,0x00000254e9a80000)
  to   space 512K, 0% used [0x00000254e9980000,0x00000254e9980000,0x00000254e9a00000)
 ParOldGen       total 31849472K, used 31796026K [0x0000024a3d400000, 0x00000254e7f00000, 0x00000254e7f00000)
  object space 31849472K, 99% used [0x0000024a3d400000,0x00000251d1ece808,0x00000251d5300000)
 Metaspace       used 68949K, committed 70656K, reserved 1114112K
  class space    used 7294K, committed 8000K, reserved 1048576K
GC Heap History (20 events):
Event: 7260.176 GC heap before
{Heap before GC invocations=52 (full 3):
 PSYoungGen      total 17408K, used 17280K [0x00000254e7f00000, 0x00000254e9480000, 0x0000025a3d400000)
  eden space 16384K, 100% used [0x00000254e7f00000,0x00000254e8f00000,0x00000254e8f00000)
  from space 1024K, 87% used [0x00000254e9380000,0x00000254e9460080,0x00000254e9480000)
  to   space 1024K, 0% used [0x00000254e9280000,0x00000254e9280000,0x00000254e9380000)
 ParOldGen       total 29619200K, used 29616329K [0x0000024a3d400000, 0x000002514d100000, 0x00000254e7f00000)
  object space 29619200K, 99% used [0x0000024a3d400000,0x000002514ce32490,0x000002514d100000)
 Metaspace       used 67796K, committed 69184K, reserved 1114112K
  class space    used 7189K, committed 7744K, reserved 1048576K
}
Event: 7260.379 GC heap after
{Heap after GC invocations=52 (full 3):
 PSYoungGen      total 17408K, used 192K [0x00000254e7f00000, 0x00000254e9400000, 0x0000025a3d400000)
  eden space 16384K, 0% used [0x00000254e7f00000,0x00000254e7f00000,0x00000254e8f00000)
  from space 1024K, 18% used [0x00000254e9280000,0x00000254e92b0000,0x00000254e9380000)
  to   space 512K, 0% used [0x00000254e9380000,0x00000254e9380000,0x00000254e9400000)
 ParOldGen       total 29619200K, used 29616737K [0x0000024a3d400000, 0x000002514d100000, 0x00000254e7f00000)
  object space 29619200K, 99% used [0x0000024a3d400000,0x000002514ce984f0,0x000002514d100000)
 Metaspace       used 67796K, committed 69184K, reserved 1114112K
  class space    used 7189K, committed 7744K, reserved 1048576K
}
Event: 7264.603 GC heap before
{Heap before GC invocations=53 (full 3):
 PSYoungGen      total 17408K, used 16576K [0x00000254e7f00000, 0x00000254e9400000, 0x0000025a3d400000)
  eden space 16384K, 100% used [0x00000254e7f00000,0x00000254e8f00000,0x00000254e8f00000)
  from space 1024K, 18% used [0x00000254e9280000,0x00000254e92b0000,0x00000254e9380000)
  to   space 512K, 0% used [0x00000254e9380000,0x00000254e9380000,0x00000254e9400000)
 ParOldGen       total 29619200K, used 29616737K [0x0000024a3d400000, 0x000002514d100000, 0x00000254e7f00000)
  object space 29619200K, 99% used [0x0000024a3d400000,0x000002514ce984f0,0x000002514d100000)
 Metaspace       used 68723K, committed 70080K, reserved 1114112K
  class space    used 7322K, committed 7872K, reserved 1048576K
}
Event: 7264.635 GC heap after
{Heap after GC invocations=53 (full 3):
 PSYoungGen      total 16896K, used 512K [0x00000254e7f00000, 0x00000254e9400000, 0x0000025a3d400000)
  eden space 16384K, 0% used [0x00000254e7f00000,0x00000254e7f00000,0x00000254e8f00000)
  from space 512K, 100% used [0x00000254e9380000,0x00000254e9400000,0x00000254e9400000)
  to   space 1536K, 0% used [0x00000254e9100000,0x00000254e9100000,0x00000254e9280000)
 ParOldGen       total 29619200K, used 29617550K [0x0000024a3d400000, 0x000002514d100000, 0x00000254e7f00000)
  object space 29619200K, 99% used [0x0000024a3d400000,0x000002514cf63bf0,0x000002514d100000)
 Metaspace       used 68723K, committed 70080K, reserved 1114112K
  class space    used 7322K, committed 7872K, reserved 1048576K
}
Event: 7414.149 GC heap before
{Heap before GC invocations=54 (full 3):
 PSYoungGen      total 16896K, used 7598K [0x00000254e7f00000, 0x00000254e9400000, 0x0000025a3d400000)
  eden space 16384K, 43% used [0x00000254e7f00000,0x00000254e85eb818,0x00000254e8f00000)
  from space 512K, 100% used [0x00000254e9380000,0x00000254e9400000,0x00000254e9400000)
  to   space 1536K, 0% used [0x00000254e9100000,0x00000254e9100000,0x00000254e9280000)
 ParOldGen       total 29619200K, used 29617550K [0x0000024a3d400000, 0x000002514d100000, 0x00000254e7f00000)
  object space 29619200K, 99% used [0x0000024a3d400000,0x000002514cf63bf0,0x000002514d100000)
 Metaspace       used 69281K, committed 70656K, reserved 1114112K
  class space    used 7392K, committed 8000K, reserved 1048576K
}
Event: 7414.300 GC heap after
{Heap after GC invocations=54 (full 3):
 PSYoungGen      total 17920K, used 512K [0x00000254e7f00000, 0x00000254e9400000, 0x0000025a3d400000)
  eden space 16384K, 0% used [0x00000254e7f00000,0x00000254e7f00000,0x00000254e8f00000)
  from space 1536K, 33% used [0x00000254e9100000,0x00000254e9180000,0x00000254e9280000)
  to   space 1024K, 0% used [0x00000254e9300000,0x00000254e9300000,0x00000254e9400000)
 ParOldGen       total 29619200K, used 29618077K [0x0000024a3d400000, 0x000002514d100000, 0x00000254e7f00000)
  object space 29619200K, 99% used [0x0000024a3d400000,0x000002514cfe7630,0x000002514d100000)
 Metaspace       used 69281K, committed 70656K, reserved 1114112K
  class space    used 7392K, committed 8000K, reserved 1048576K
}
Event: 7414.300 GC heap before
{Heap before GC invocations=55 (full 3):
 PSYoungGen      total 17920K, used 512K [0x00000254e7f00000, 0x00000254e9400000, 0x0000025a3d400000)
  eden space 16384K, 0% used [0x00000254e7f00000,0x00000254e7f00000,0x00000254e8f00000)
  from space 1536K, 33% used [0x00000254e9100000,0x00000254e9180000,0x00000254e9280000)
  to   space 1024K, 0% used [0x00000254e9300000,0x00000254e9300000,0x00000254e9400000)
 ParOldGen       total 29619200K, used 29618077K [0x0000024a3d400000, 0x000002514d100000, 0x00000254e7f00000)
  object space 29619200K, 99% used [0x0000024a3d400000,0x000002514cfe7630,0x000002514d100000)
 Metaspace       used 69281K, committed 70656K, reserved 1114112K
  class space    used 7392K, committed 8000K, reserved 1048576K
}
Event: 7414.391 GC heap after
{Heap after GC invocations=55 (full 3):
 PSYoungGen      total 20992K, used 0K [0x00000254e7f00000, 0x00000254e9500000, 0x0000025a3d400000)
  eden space 19968K, 0% used [0x00000254e7f00000,0x00000254e7f00000,0x00000254e9280000)
  from space 1024K, 0% used [0x00000254e9300000,0x00000254e9300000,0x00000254e9400000)
  to   space 512K, 0% used [0x00000254e9280000,0x00000254e9280000,0x00000254e9300000)
 ParOldGen       total 29619200K, used 29618528K [0x0000024a3d400000, 0x000002514d100000, 0x00000254e7f00000)
  object space 29619200K, 99% used [0x0000024a3d400000,0x000002514d058158,0x000002514d100000)
 Metaspace       used 69281K, committed 70656K, reserved 1114112K
  class space    used 7392K, committed 8000K, reserved 1048576K
}
Event: 7414.391 GC heap before
{Heap before GC invocations=56 (full 4):
 PSYoungGen      total 20992K, used 0K [0x00000254e7f00000, 0x00000254e9500000, 0x0000025a3d400000)
  eden space 19968K, 0% used [0x00000254e7f00000,0x00000254e7f00000,0x00000254e9280000)
  from space 1024K, 0% used [0x00000254e9300000,0x00000254e9300000,0x00000254e9400000)
  to   space 512K, 0% used [0x00000254e9280000,0x00000254e9280000,0x00000254e9300000)
 ParOldGen       total 29619200K, used 29618528K [0x0000024a3d400000, 0x000002514d100000, 0x00000254e7f00000)
  object space 29619200K, 99% used [0x0000024a3d400000,0x000002514d058158,0x000002514d100000)
 Metaspace       used 69281K, committed 70656K, reserved 1114112K
  class space    used 7392K, committed 8000K, reserved 1048576K
}
Event: 7416.571 GC heap after
{Heap after GC invocations=56 (full 4):
 PSYoungGen      total 20480K, used 0K [0x00000254e7f00000, 0x00000254e9980000, 0x0000025a3d400000)
  eden space 19968K, 0% used [0x00000254e7f00000,0x00000254e7f00000,0x00000254e9280000)
  from space 512K, 0% used [0x00000254e9280000,0x00000254e9280000,0x00000254e9300000)
  to   space 512K, 0% used [0x00000254e9900000,0x00000254e9900000,0x00000254e9980000)
 ParOldGen       total 94720K, used 67918K [0x0000024a3d400000, 0x0000024a43080000, 0x00000254e7f00000)
  object space 94720K, 71% used [0x0000024a3d400000,0x0000024a41653bf0,0x0000024a43080000)
 Metaspace       used 69244K, committed 70656K, reserved 1114112K
  class space    used 7374K, committed 8000K, reserved 1048576K
}
Event: 7443.860 GC heap before
{Heap before GC invocations=57 (full 4):
 PSYoungGen      total 20480K, used 248K [0x00000254e7f00000, 0x00000254e9980000, 0x0000025a3d400000)
  eden space 19968K, 1% used [0x00000254e7f00000,0x00000254e7f3e330,0x00000254e9280000)
  from space 512K, 0% used [0x00000254e9280000,0x00000254e9280000,0x00000254e9300000)
  to   space 512K, 0% used [0x00000254e9900000,0x00000254e9900000,0x00000254e9980000)
 ParOldGen       total 31839744K, used 31812942K [0x0000024a3d400000, 0x00000251d4980000, 0x00000254e7f00000)
  object space 31839744K, 99% used [0x0000024a3d400000,0x00000251d2f53bf0,0x00000251d4980000)
 Metaspace       used 69245K, committed 70656K, reserved 1114112K
  class space    used 7374K, committed 8000K, reserved 1048576K
}
Event: 7444.208 GC heap after
{Heap after GC invocations=57 (full 4):
 PSYoungGen      total 20480K, used 128K [0x00000254e7f00000, 0x00000254e9980000, 0x0000025a3d400000)
  eden space 19968K, 0% used [0x00000254e7f00000,0x00000254e7f00000,0x00000254e9280000)
  from space 512K, 25% used [0x00000254e9900000,0x00000254e9920000,0x00000254e9980000)
  to   space 512K, 0% used [0x00000254e9280000,0x00000254e9280000,0x00000254e9300000)
 ParOldGen       total 31839744K, used 31812942K [0x0000024a3d400000, 0x00000251d4980000, 0x00000254e7f00000)
  object space 31839744K, 99% used [0x0000024a3d400000,0x00000251d2f53bf0,0x00000251d4980000)
 Metaspace       used 69245K, committed 70656K, reserved 1114112K
  class space    used 7374K, committed 8000K, reserved 1048576K
}
Event: 7444.208 GC heap before
{Heap before GC invocations=58 (full 4):
 PSYoungGen      total 20480K, used 128K [0x00000254e7f00000, 0x00000254e9980000, 0x0000025a3d400000)
  eden space 19968K, 0% used [0x00000254e7f00000,0x00000254e7f00000,0x00000254e9280000)
  from space 512K, 25% used [0x00000254e9900000,0x00000254e9920000,0x00000254e9980000)
  to   space 512K, 0% used [0x00000254e9280000,0x00000254e9280000,0x00000254e9300000)
 ParOldGen       total 31839744K, used 31812942K [0x0000024a3d400000, 0x00000251d4980000, 0x00000254e7f00000)
  object space 31839744K, 99% used [0x0000024a3d400000,0x00000251d2f53bf0,0x00000251d4980000)
 Metaspace       used 69245K, committed 70656K, reserved 1114112K
  class space    used 7374K, committed 8000K, reserved 1048576K
}
Event: 7444.256 GC heap after
{Heap after GC invocations=58 (full 4):
 PSYoungGen      total 20480K, used 0K [0x00000254e7f00000, 0x00000254e9980000, 0x0000025a3d400000)
  eden space 19968K, 0% used [0x00000254e7f00000,0x00000254e7f00000,0x00000254e9280000)
  from space 512K, 0% used [0x00000254e9280000,0x00000254e9280000,0x00000254e9300000)
  to   space 512K, 0% used [0x00000254e9900000,0x00000254e9900000,0x00000254e9980000)
 ParOldGen       total 31839744K, used 31812958K [0x0000024a3d400000, 0x00000251d4980000, 0x00000254e7f00000)
  object space 31839744K, 99% used [0x0000024a3d400000,0x00000251d2f57bf0,0x00000251d4980000)
 Metaspace       used 69245K, committed 70656K, reserved 1114112K
  class space    used 7374K, committed 8000K, reserved 1048576K
}
Event: 7444.256 GC heap before
{Heap before GC invocations=59 (full 5):
 PSYoungGen      total 20480K, used 0K [0x00000254e7f00000, 0x00000254e9980000, 0x0000025a3d400000)
  eden space 19968K, 0% used [0x00000254e7f00000,0x00000254e7f00000,0x00000254e9280000)
  from space 512K, 0% used [0x00000254e9280000,0x00000254e9280000,0x00000254e9300000)
  to   space 512K, 0% used [0x00000254e9900000,0x00000254e9900000,0x00000254e9980000)
 ParOldGen       total 31839744K, used 31812958K [0x0000024a3d400000, 0x00000251d4980000, 0x00000254e7f00000)
  object space 31839744K, 99% used [0x0000024a3d400000,0x00000251d2f57bf0,0x00000251d4980000)
 Metaspace       used 69245K, committed 70656K, reserved 1114112K
  class space    used 7374K, committed 8000K, reserved 1048576K
}
Event: 7495.316 GC heap after
{Heap after GC invocations=59 (full 5):
 PSYoungGen      total 24064K, used 0K [0x00000254e7f00000, 0x00000254e9980000, 0x0000025a3d400000)
  eden space 23552K, 0% used [0x00000254e7f00000,0x00000254e7f00000,0x00000254e9600000)
  from space 512K, 0% used [0x00000254e9900000,0x00000254e9900000,0x00000254e9980000)
  to   space 512K, 0% used [0x00000254e9880000,0x00000254e9880000,0x00000254e9900000)
 ParOldGen       total 31839232K, used 31801258K [0x0000024a3d400000, 0x00000251d4900000, 0x00000254e7f00000)
  object space 31839232K, 99% used [0x0000024a3d400000,0x00000251d23ea850,0x00000251d4900000)
 Metaspace       used 69245K, committed 70656K, reserved 1114112K
  class space    used 7374K, committed 8000K, reserved 1048576K
}
Event: 7496.295 GC heap before
{Heap before GC invocations=60 (full 5):
 PSYoungGen      total 24064K, used 0K [0x00000254e7f00000, 0x00000254e9980000, 0x0000025a3d400000)
  eden space 23552K, 0% used [0x00000254e7f00000,0x00000254e7f00000,0x00000254e9600000)
  from space 512K, 0% used [0x00000254e9900000,0x00000254e9900000,0x00000254e9980000)
  to   space 512K, 0% used [0x00000254e9880000,0x00000254e9880000,0x00000254e9900000)
 ParOldGen       total 44739584K, used 31801258K [0x0000024a3d400000, 0x00000254e7f00000, 0x00000254e7f00000)
  object space 44739584K, 71% used [0x0000024a3d400000,0x00000251d23ea850,0x00000254e7f00000)
 Metaspace       used 69245K, committed 70656K, reserved 1114112K
  class space    used 7374K, committed 8000K, reserved 1048576K
}
Event: 7496.423 GC heap after
{Heap after GC invocations=60 (full 5):
 PSYoungGen      total 26624K, used 0K [0x00000254e7f00000, 0x00000254e9a80000, 0x0000025a3d400000)
  eden space 26112K, 0% used [0x00000254e7f00000,0x00000254e7f00000,0x00000254e9880000)
  from space 512K, 0% used [0x00000254e9880000,0x00000254e9880000,0x00000254e9900000)
  to   space 512K, 0% used [0x00000254e9a00000,0x00000254e9a00000,0x00000254e9a80000)
 ParOldGen       total 44739584K, used 31801258K [0x0000024a3d400000, 0x00000254e7f00000, 0x00000254e7f00000)
  object space 44739584K, 71% used [0x0000024a3d400000,0x00000251d23ea850,0x00000254e7f00000)
 Metaspace       used 69245K, committed 70656K, reserved 1114112K
  class space    used 7374K, committed 8000K, reserved 1048576K
}
Event: 7496.423 GC heap before
{Heap before GC invocations=61 (full 6):
 PSYoungGen      total 26624K, used 0K [0x00000254e7f00000, 0x00000254e9a80000, 0x0000025a3d400000)
  eden space 26112K, 0% used [0x00000254e7f00000,0x00000254e7f00000,0x00000254e9880000)
  from space 512K, 0% used [0x00000254e9880000,0x00000254e9880000,0x00000254e9900000)
  to   space 512K, 0% used [0x00000254e9a00000,0x00000254e9a00000,0x00000254e9a80000)
 ParOldGen       total 44739584K, used 31801258K [0x0000024a3d400000, 0x00000254e7f00000, 0x00000254e7f00000)
  object space 44739584K, 71% used [0x0000024a3d400000,0x00000251d23ea850,0x00000254e7f00000)
 Metaspace       used 69245K, committed 70656K, reserved 1114112K
  class space    used 7374K, committed 8000K, reserved 1048576K
}
Event: 7551.675 GC heap after
{Heap after GC invocations=61 (full 6):
 PSYoungGen      total 27648K, used 0K [0x00000254e7f00000, 0x00000254e9c80000, 0x0000025a3d400000)
  eden space 27136K, 0% used [0x00000254e7f00000,0x00000254e7f00000,0x00000254e9980000)
  from space 512K, 0% used [0x00000254e9a00000,0x00000254e9a00000,0x00000254e9a80000)
  to   space 512K, 0% used [0x00000254e9980000,0x00000254e9980000,0x00000254e9a00000)
 ParOldGen       total 31849472K, used 31796026K [0x0000024a3d400000, 0x00000251d5300000, 0x00000254e7f00000)
  object space 31849472K, 99% used [0x0000024a3d400000,0x00000251d1ece808,0x00000251d5300000)
 Metaspace       used 68949K, committed 70656K, reserved 1114112K
  class space    used 7294K, committed 8000K, reserved 1048576K
}

